AH00558: apache2: Could not reliably determine the server's fully qualified domain name, using 172.29.0.3. Set the 'ServerName' directive globally to suppress this message
[Thu Oct 06 20:03:28.531973 2022] [mpm_prefork:notice] [pid 1] AH00163: Apache/2.4.38 (Debian) PHP/7.2.34 configured -- resuming normal operations
[Thu Oct 06 20:03:28.533567 2022] [core:notice] [pid 1] AH00094: Command line: 'apache2 -D FOREGROUND'
[Thu Oct 06 20:06:45.428989 2022] [mpm_prefork:notice] [pid 1] AH00170: caught SIGWINCH, shutting down gracefully
AH00558: apache2: Could not reliably determine the server's fully qualified domain name, using 172.30.0.3. Set the 'ServerName' directive globally to suppress this message
[Thu Oct 06 20:06:58.830202 2022] [mpm_prefork:notice] [pid 1] AH00163: Apache/2.4.38 (Debian) PHP/7.2.34 configured -- resuming normal operations
[Thu Oct 06 20:06:58.830911 2022] [core:notice] [pid 1] AH00094: Command line: 'apache2 -D FOREGROUND'
[Thu Oct 06 20:07:53.180865 2022] [mpm_prefork:notice] [pid 1] AH00170: caught SIGWINCH, shutting down gracefully
AH00558: apache2: Could not reliably determine the server's fully qualified domain name, using 172.31.0.3. Set the 'ServerName' directive globally to suppress this message
[Thu Oct 06 20:08:07.508114 2022] [mpm_prefork:notice] [pid 1] AH00163: Apache/2.4.38 (Debian) PHP/7.2.34 configured -- resuming normal operations
[Thu Oct 06 20:08:07.508650 2022] [core:notice] [pid 1] AH00094: Command line: 'apache2 -D FOREGROUND'
[Thu Oct 06 20:08:35.875890 2022] [php7:error] [pid 20] [client 172.31.0.4:46716] script '/var/www/html/admin/add_order.php' not found or unable to stat
[Thu Oct 06 20:08:50.515721 2022] [php7:error] [pid 17] [client 172.31.0.4:46728] script '/var/www/html/admin/add_order.php' not found or unable to stat
[Thu Oct 06 20:18:55.130795 2022] [auth_basic:error] [pid 18] [client 172.31.0.4:46850] AH01617: user adm: authentication failure for "/admin/index.php": Password Mismatch, referer: http://localhost/
[Thu Oct 06 20:18:58.459384 2022] [php7:error] [pid 20] [client 172.31.0.4:46852] script '/var/www/html/admin/index.php' not found or unable to stat, referer: http://localhost/
[Thu Oct 06 20:40:39.267928 2022] [mpm_prefork:notice] [pid 1] AH00170: caught SIGWINCH, shutting down gracefully
AH00558: apache2: Could not reliably determine the server's fully qualified domain name, using 172.31.0.4. Set the 'ServerName' directive globally to suppress this message
[Thu Oct 13 06:26:04.530556 2022] [mpm_prefork:notice] [pid 1] AH00163: Apache/2.4.38 (Debian) PHP/7.2.34 configured -- resuming normal operations
[Thu Oct 13 06:26:04.531360 2022] [core:notice] [pid 1] AH00094: Command line: 'apache2 -D FOREGROUND'
[Thu Oct 13 06:26:04.534268 2022] [dbd:error] [pid 21] (20014)Internal error (specific information not available): AH00629: Can't connect to mysql: Can't connect to MySQL server on 'db' (115)
[Thu Oct 13 06:26:04.534634 2022] [dbd:error] [pid 21] (20014)Internal error (specific information not available): AH00633: failed to initialise
[Thu Oct 13 06:26:04.534344 2022] [dbd:error] [pid 20] (20014)Internal error (specific information not available): AH00629: Can't connect to mysql: Can't connect to MySQL server on 'db' (115)
[Thu Oct 13 06:26:04.535418 2022] [dbd:error] [pid 20] (20014)Internal error (specific information not available): AH00633: failed to initialise
[Thu Oct 13 06:26:04.534405 2022] [dbd:error] [pid 17] (20014)Internal error (specific information not available): AH00629: Can't connect to mysql: Can't connect to MySQL server on 'db' (115)
[Thu Oct 13 06:26:04.535903 2022] [dbd:error] [pid 17] (20014)Internal error (specific information not available): AH00633: failed to initialise
[Thu Oct 13 06:26:04.534416 2022] [dbd:error] [pid 19] (20014)Internal error (specific information not available): AH00629: Can't connect to mysql: Can't connect to MySQL server on 'db' (115)
[Thu Oct 13 06:26:04.534416 2022] [dbd:error] [pid 18] (20014)Internal error (specific information not available): AH00629: Can't connect to mysql: Can't connect to MySQL server on 'db' (115)
[Thu Oct 13 06:26:04.535013 2022] [dbd:crit] [pid 21] (20014)Internal error (specific information not available): AH00636: child init failed!
[Thu Oct 13 06:26:04.535677 2022] [dbd:crit] [pid 20] (20014)Internal error (specific information not available): AH00636: child init failed!
[Thu Oct 13 06:26:04.536079 2022] [dbd:crit] [pid 17] (20014)Internal error (specific information not available): AH00636: child init failed!
[Thu Oct 13 06:26:04.536349 2022] [dbd:error] [pid 19] (20014)Internal error (specific information not available): AH00633: failed to initialise
[Thu Oct 13 06:26:04.538166 2022] [dbd:error] [pid 18] (20014)Internal error (specific information not available): AH00633: failed to initialise
[Thu Oct 13 06:26:04.539248 2022] [dbd:crit] [pid 19] (20014)Internal error (specific information not available): AH00636: child init failed!
[Thu Oct 13 06:26:04.539454 2022] [dbd:crit] [pid 18] (20014)Internal error (specific information not available): AH00636: child init failed!
AH00558: apache2: Could not reliably determine the server's fully qualified domain name, using 172.31.0.4. Set the 'ServerName' directive globally to suppress this message
[Sun Oct 16 08:24:55.500921 2022] [mpm_prefork:notice] [pid 1] AH00163: Apache/2.4.38 (Debian) PHP/7.2.34 configured -- resuming normal operations
[Sun Oct 16 08:24:55.677436 2022] [core:notice] [pid 1] AH00094: Command line: 'apache2 -D FOREGROUND'
[Sun Oct 16 08:24:55.683027 2022] [dbd:error] [pid 20] (20014)Internal error (specific information not available): AH00629: Can't connect to mysql: Can't connect to MySQL server on 'db' (115)
[Sun Oct 16 08:24:55.683027 2022] [dbd:error] [pid 18] (20014)Internal error (specific information not available): AH00629: Can't connect to mysql: Can't connect to MySQL server on 'db' (115)
[Sun Oct 16 08:24:55.683076 2022] [dbd:error] [pid 21] (20014)Internal error (specific information not available): AH00629: Can't connect to mysql: Can't connect to MySQL server on 'db' (115)
[Sun Oct 16 08:24:55.683171 2022] [dbd:error] [pid 19] (20014)Internal error (specific information not available): AH00629: Can't connect to mysql: Can't connect to MySQL server on 'db' (115)
[Sun Oct 16 08:24:55.683172 2022] [dbd:error] [pid 17] (20014)Internal error (specific information not available): AH00629: Can't connect to mysql: Can't connect to MySQL server on 'db' (115)
[Sun Oct 16 08:24:55.686111 2022] [dbd:error] [pid 17] (20014)Internal error (specific information not available): AH00633: failed to initialise
[Sun Oct 16 08:24:55.683626 2022] [dbd:error] [pid 20] (20014)Internal error (specific information not available): AH00633: failed to initialise
[Sun Oct 16 08:24:55.685098 2022] [dbd:error] [pid 18] (20014)Internal error (specific information not available): AH00633: failed to initialise
[Sun Oct 16 08:24:55.685533 2022] [dbd:error] [pid 21] (20014)Internal error (specific information not available): AH00633: failed to initialise
[Sun Oct 16 08:24:55.687850 2022] [dbd:crit] [pid 21] (20014)Internal error (specific information not available): AH00636: child init failed!
[Sun Oct 16 08:24:55.685827 2022] [dbd:error] [pid 19] (20014)Internal error (specific information not available): AH00633: failed to initialise
[Sun Oct 16 08:24:55.686643 2022] [dbd:crit] [pid 17] (20014)Internal error (specific information not available): AH00636: child init failed!
[Sun Oct 16 08:24:55.687039 2022] [dbd:crit] [pid 20] (20014)Internal error (specific information not available): AH00636: child init failed!
[Sun Oct 16 08:24:55.687453 2022] [dbd:crit] [pid 18] (20014)Internal error (specific information not available): AH00636: child init failed!
[Sun Oct 16 08:24:55.688850 2022] [dbd:crit] [pid 19] (20014)Internal error (specific information not available): AH00636: child init failed!
[Sun Oct 16 10:49:36.457278 2022] [mpm_prefork:notice] [pid 1] AH00170: caught SIGWINCH, shutting down gracefully
AH00558: apache2: Could not reliably determine the server's fully qualified domain name, using 172.18.0.3. Set the 'ServerName' directive globally to suppress this message
[Sun Oct 16 10:49:54.586403 2022] [mpm_prefork:notice] [pid 1] AH00163: Apache/2.4.38 (Debian) PHP/7.2.34 configured -- resuming normal operations
[Sun Oct 16 10:49:54.586945 2022] [core:notice] [pid 1] AH00094: Command line: 'apache2 -D FOREGROUND'
[Sun Oct 16 10:49:54.588407 2022] [dbd:error] [pid 19] (20014)Internal error (specific information not available): AH00629: Can't connect to mysql: Can't connect to MySQL server on 'db' (115)
[Sun Oct 16 10:49:54.588407 2022] [dbd:error] [pid 21] (20014)Internal error (specific information not available): AH00629: Can't connect to mysql: Can't connect to MySQL server on 'db' (115)
[Sun Oct 16 10:49:54.589282 2022] [dbd:error] [pid 21] (20014)Internal error (specific information not available): AH00633: failed to initialise
[Sun Oct 16 10:49:54.588406 2022] [dbd:error] [pid 17] (20014)Internal error (specific information not available): AH00629: Can't connect to mysql: Can't connect to MySQL server on 'db' (115)
[Sun Oct 16 10:49:54.589998 2022] [dbd:error] [pid 17] (20014)Internal error (specific information not available): AH00633: failed to initialise
[Sun Oct 16 10:49:54.588421 2022] [dbd:error] [pid 20] (20014)Internal error (specific information not available): AH00629: Can't connect to mysql: Can't connect to MySQL server on 'db' (115)
[Sun Oct 16 10:49:54.588427 2022] [dbd:error] [pid 18] (20014)Internal error (specific information not available): AH00629: Can't connect to mysql: Can't connect to MySQL server on 'db' (115)
[Sun Oct 16 10:49:54.588904 2022] [dbd:error] [pid 19] (20014)Internal error (specific information not available): AH00633: failed to initialise
[Sun Oct 16 10:49:54.591423 2022] [dbd:crit] [pid 19] (20014)Internal error (specific information not available): AH00636: child init failed!
[Sun Oct 16 10:49:54.589636 2022] [dbd:crit] [pid 21] (20014)Internal error (specific information not available): AH00636: child init failed!
[Sun Oct 16 10:49:54.590350 2022] [dbd:crit] [pid 17] (20014)Internal error (specific information not available): AH00636: child init failed!
[Sun Oct 16 10:49:54.590712 2022] [dbd:error] [pid 20] (20014)Internal error (specific information not available): AH00633: failed to initialise
[Sun Oct 16 10:49:54.593012 2022] [dbd:crit] [pid 20] (20014)Internal error (specific information not available): AH00636: child init failed!
[Sun Oct 16 10:49:54.591088 2022] [dbd:error] [pid 18] (20014)Internal error (specific information not available): AH00633: failed to initialise
[Sun Oct 16 10:49:54.593745 2022] [dbd:crit] [pid 18] (20014)Internal error (specific information not available): AH00636: child init failed!
[Sun Oct 16 10:55:34.396172 2022] [auth_basic:error] [pid 18] [client 172.18.0.4:60884] AH01618: user adm not found: /admin/master/add.php, referer: http://localhost/admin/index.html
[Sun Oct 16 10:55:39.985959 2022] [auth_basic:error] [pid 19] [client 172.18.0.4:60888] AH01618: user adm not found: /admin/master/add.php, referer: http://localhost/admin/index.html
[Sun Oct 16 10:55:44.668030 2022] [auth_basic:error] [pid 21] [client 172.18.0.4:60892] AH01618: user adm not found: /admin/master/add.php, referer: http://localhost/admin/index.html
[Sun Oct 16 10:58:25.121257 2022] [mpm_prefork:notice] [pid 1] AH00170: caught SIGWINCH, shutting down gracefully
AH00558: apache2: Could not reliably determine the server's fully qualified domain name, using 172.19.0.3. Set the 'ServerName' directive globally to suppress this message
[Sun Oct 16 10:58:42.358331 2022] [mpm_prefork:notice] [pid 1] AH00163: Apache/2.4.38 (Debian) PHP/7.2.34 configured -- resuming normal operations
[Sun Oct 16 10:58:42.358413 2022] [dbd:error] [pid 18] (20014)Internal error (specific information not available): AH00629: Can't connect to mysql: Can't connect to MySQL server on 'db' (115)
[Sun Oct 16 10:58:42.358768 2022] [dbd:error] [pid 19] (20014)Internal error (specific information not available): AH00629: Can't connect to mysql: Can't connect to MySQL server on 'db' (115)
[Sun Oct 16 10:58:42.359044 2022] [core:notice] [pid 1] AH00094: Command line: 'apache2 -D FOREGROUND'
[Sun Oct 16 10:58:42.359115 2022] [dbd:error] [pid 20] (20014)Internal error (specific information not available): AH00629: Can't connect to mysql: Can't connect to MySQL server on 'db' (115)
[Sun Oct 16 10:58:42.359337 2022] [dbd:error] [pid 18] (20014)Internal error (specific information not available): AH00633: failed to initialise
[Sun Oct 16 10:58:42.360629 2022] [dbd:crit] [pid 18] (20014)Internal error (specific information not available): AH00636: child init failed!
[Sun Oct 16 10:58:42.359489 2022] [dbd:error] [pid 21] (20014)Internal error (specific information not available): AH00629: Can't connect to mysql: Can't connect to MySQL server on 'db' (115)
[Sun Oct 16 10:58:42.359596 2022] [dbd:error] [pid 19] (20014)Internal error (specific information not available): AH00633: failed to initialise
[Sun Oct 16 10:58:42.361598 2022] [dbd:crit] [pid 19] (20014)Internal error (specific information not available): AH00636: child init failed!
[Sun Oct 16 10:58:42.360126 2022] [dbd:error] [pid 22] (20014)Internal error (specific information not available): AH00629: Can't connect to mysql: Can't connect to MySQL server on 'db' (115)
[Sun Oct 16 10:58:42.362241 2022] [dbd:error] [pid 22] (20014)Internal error (specific information not available): AH00633: failed to initialise
[Sun Oct 16 10:58:42.360263 2022] [dbd:error] [pid 20] (20014)Internal error (specific information not available): AH00633: failed to initialise
[Sun Oct 16 10:58:42.362898 2022] [dbd:crit] [pid 20] (20014)Internal error (specific information not available): AH00636: child init failed!
[Sun Oct 16 10:58:42.361268 2022] [dbd:error] [pid 21] (20014)Internal error (specific information not available): AH00633: failed to initialise
[Sun Oct 16 10:58:42.362574 2022] [dbd:crit] [pid 22] (20014)Internal error (specific information not available): AH00636: child init failed!
[Sun Oct 16 10:58:42.363504 2022] [dbd:crit] [pid 21] (20014)Internal error (specific information not available): AH00636: child init failed!
AH00558: apache2: Could not reliably determine the server's fully qualified domain name, using 172.19.0.2. Set the 'ServerName' directive globally to suppress this message
[Mon Oct 17 05:42:11.872109 2022] [mpm_prefork:notice] [pid 1] AH00163: Apache/2.4.38 (Debian) PHP/7.2.34 configured -- resuming normal operations
[Mon Oct 17 05:42:11.872912 2022] [core:notice] [pid 1] AH00094: Command line: 'apache2 -D FOREGROUND'
[Mon Oct 17 05:42:11.873181 2022] [dbd:error] [pid 19] (20014)Internal error (specific information not available): AH00629: Can't connect to mysql: Can't connect to MySQL server on 'db' (115)
[Mon Oct 17 05:42:11.873569 2022] [dbd:error] [pid 19] (20014)Internal error (specific information not available): AH00633: failed to initialise
[Mon Oct 17 05:42:11.873178 2022] [dbd:error] [pid 17] (20014)Internal error (specific information not available): AH00629: Can't connect to mysql: Can't connect to MySQL server on 'db' (115)
[Mon Oct 17 05:42:11.873295 2022] [dbd:error] [pid 18] (20014)Internal error (specific information not available): AH00629: Can't connect to mysql: Can't connect to MySQL server on 'db' (115)
[Mon Oct 17 05:42:11.874880 2022] [dbd:error] [pid 18] (20014)Internal error (specific information not available): AH00633: failed to initialise
[Mon Oct 17 05:42:11.873295 2022] [dbd:error] [pid 20] (20014)Internal error (specific information not available): AH00629: Can't connect to mysql: Can't connect to MySQL server on 'db' (115)
[Mon Oct 17 05:42:11.873353 2022] [dbd:error] [pid 21] (20014)Internal error (specific information not available): AH00629: Can't connect to mysql: Can't connect to MySQL server on 'db' (115)
[Mon Oct 17 05:42:11.876320 2022] [dbd:error] [pid 21] (20014)Internal error (specific information not available): AH00633: failed to initialise
[Mon Oct 17 05:42:11.873938 2022] [dbd:crit] [pid 19] (20014)Internal error (specific information not available): AH00636: child init failed!
[Mon Oct 17 05:42:11.874446 2022] [dbd:error] [pid 17] (20014)Internal error (specific information not available): AH00633: failed to initialise
[Mon Oct 17 05:42:11.878076 2022] [dbd:crit] [pid 17] (20014)Internal error (specific information not available): AH00636: child init failed!
[Mon Oct 17 05:42:11.875451 2022] [dbd:crit] [pid 18] (20014)Internal error (specific information not available): AH00636: child init failed!
[Mon Oct 17 05:42:11.876000 2022] [dbd:error] [pid 20] (20014)Internal error (specific information not available): AH00633: failed to initialise
[Mon Oct 17 05:42:11.878885 2022] [dbd:crit] [pid 20] (20014)Internal error (specific information not available): AH00636: child init failed!
[Mon Oct 17 05:42:11.876920 2022] [dbd:crit] [pid 21] (20014)Internal error (specific information not available): AH00636: child init failed!
AH00558: apache2: Could not reliably determine the server's fully qualified domain name, using 172.19.0.4. Set the 'ServerName' directive globally to suppress this message
[Mon Oct 17 14:19:00.337614 2022] [mpm_prefork:notice] [pid 1] AH00163: Apache/2.4.38 (Debian) PHP/7.2.34 configured -- resuming normal operations
[Mon Oct 17 14:19:00.340316 2022] [core:notice] [pid 1] AH00094: Command line: 'apache2 -D FOREGROUND'
[Mon Oct 17 14:19:00.344566 2022] [dbd:error] [pid 22] (20014)Internal error (specific information not available): AH00629: Can't connect to mysql: Can't connect to MySQL server on 'db' (115)
[Mon Oct 17 14:19:00.345063 2022] [dbd:error] [pid 22] (20014)Internal error (specific information not available): AH00633: failed to initialise
[Mon Oct 17 14:19:00.344600 2022] [dbd:error] [pid 20] (20014)Internal error (specific information not available): AH00629: Can't connect to mysql: Can't connect to MySQL server on 'db' (115)
[Mon Oct 17 14:19:00.344668 2022] [dbd:error] [pid 21] (20014)Internal error (specific information not available): AH00629: Can't connect to mysql: Can't connect to MySQL server on 'db' (115)
[Mon Oct 17 14:19:00.344711 2022] [dbd:error] [pid 18] (20014)Internal error (specific information not available): AH00629: Can't connect to mysql: Can't connect to MySQL server on 'db' (115)
[Mon Oct 17 14:19:00.344840 2022] [dbd:error] [pid 19] (20014)Internal error (specific information not available): AH00629: Can't connect to mysql: Can't connect to MySQL server on 'db' (115)
[Mon Oct 17 14:19:00.346577 2022] [dbd:error] [pid 19] (20014)Internal error (specific information not available): AH00633: failed to initialise
[Mon Oct 17 14:19:00.345416 2022] [dbd:crit] [pid 22] (20014)Internal error (specific information not available): AH00636: child init failed!
[Mon Oct 17 14:19:00.345851 2022] [dbd:error] [pid 20] (20014)Internal error (specific information not available): AH00633: failed to initialise
[Mon Oct 17 14:19:00.347274 2022] [dbd:crit] [pid 20] (20014)Internal error (specific information not available): AH00636: child init failed!
[Mon Oct 17 14:19:00.346095 2022] [dbd:error] [pid 21] (20014)Internal error (specific information not available): AH00633: failed to initialise
[Mon Oct 17 14:19:00.346342 2022] [dbd:error] [pid 18] (20014)Internal error (specific information not available): AH00633: failed to initialise
[Mon Oct 17 14:19:00.348035 2022] [dbd:crit] [pid 18] (20014)Internal error (specific information not available): AH00636: child init failed!
[Mon Oct 17 14:19:00.346837 2022] [dbd:crit] [pid 19] (20014)Internal error (specific information not available): AH00636: child init failed!
[Mon Oct 17 14:19:00.347802 2022] [dbd:crit] [pid 21] (20014)Internal error (specific information not available): AH00636: child init failed!
[Mon Oct 17 18:16:30.096351 2022] [mpm_prefork:notice] [pid 1] AH00170: caught SIGWINCH, shutting down gracefully
AH00558: apache2: Could not reliably determine the server's fully qualified domain name, using 172.18.0.3. Set the 'ServerName' directive globally to suppress this message
[Mon Oct 17 18:16:46.793740 2022] [dbd:error] [pid 18] (20014)Internal error (specific information not available): AH00629: Can't connect to mysql: Can't connect to MySQL server on 'db' (115)
[Mon Oct 17 18:16:46.793819 2022] [dbd:error] [pid 17] (20014)Internal error (specific information not available): AH00629: Can't connect to mysql: Can't connect to MySQL server on 'db' (115)
[Mon Oct 17 18:16:46.794024 2022] [mpm_prefork:notice] [pid 1] AH00163: Apache/2.4.38 (Debian) PHP/7.2.34 configured -- resuming normal operations
[Mon Oct 17 18:16:46.794214 2022] [dbd:error] [pid 18] (20014)Internal error (specific information not available): AH00633: failed to initialise
[Mon Oct 17 18:16:46.794277 2022] [dbd:error] [pid 19] (20014)Internal error (specific information not available): AH00629: Can't connect to mysql: Can't connect to MySQL server on 'db' (115)
[Mon Oct 17 18:16:46.794644 2022] [dbd:error] [pid 17] (20014)Internal error (specific information not available): AH00633: failed to initialise
[Mon Oct 17 18:16:46.795962 2022] [dbd:crit] [pid 17] (20014)Internal error (specific information not available): AH00636: child init failed!
[Mon Oct 17 18:16:46.795088 2022] [core:notice] [pid 1] AH00094: Command line: 'apache2 -D FOREGROUND'
[Mon Oct 17 18:16:46.795101 2022] [dbd:error] [pid 20] (20014)Internal error (specific information not available): AH00629: Can't connect to mysql: Can't connect to MySQL server on 'db' (115)
[Mon Oct 17 18:16:46.795450 2022] [dbd:crit] [pid 18] (20014)Internal error (specific information not available): AH00636: child init failed!
[Mon Oct 17 18:16:46.795733 2022] [dbd:error] [pid 19] (20014)Internal error (specific information not available): AH00633: failed to initialise
[Mon Oct 17 18:16:46.797372 2022] [dbd:crit] [pid 19] (20014)Internal error (specific information not available): AH00636: child init failed!
[Mon Oct 17 18:16:46.796876 2022] [dbd:error] [pid 20] (20014)Internal error (specific information not available): AH00633: failed to initialise
[Mon Oct 17 18:16:46.797827 2022] [dbd:crit] [pid 20] (20014)Internal error (specific information not available): AH00636: child init failed!
[Mon Oct 17 18:16:46.798286 2022] [dbd:error] [pid 21] (20014)Internal error (specific information not available): AH00629: Can't connect to mysql: Can't connect to MySQL server on 'db' (115)
[Mon Oct 17 18:16:46.798676 2022] [dbd:error] [pid 21] (20014)Internal error (specific information not available): AH00633: failed to initialise
[Mon Oct 17 18:16:46.799048 2022] [dbd:crit] [pid 21] (20014)Internal error (specific information not available): AH00636: child init failed!
AH00558: apache2: Could not reliably determine the server's fully qualified domain name, using 172.18.0.2. Set the 'ServerName' directive globally to suppress this message
[Mon Oct 17 19:11:47.518853 2022] [mpm_prefork:notice] [pid 1] AH00163: Apache/2.4.38 (Debian) PHP/7.2.34 configured -- resuming normal operations
[Mon Oct 17 19:11:47.520847 2022] [core:notice] [pid 1] AH00094: Command line: 'apache2 -D FOREGROUND'
[Mon Oct 17 19:11:47.521534 2022] [dbd:error] [pid 19] (20014)Internal error (specific information not available): AH00629: Can't connect to mysql: Can't connect to MySQL server on 'db' (115)
[Mon Oct 17 19:11:47.521535 2022] [dbd:error] [pid 17] (20014)Internal error (specific information not available): AH00629: Can't connect to mysql: Can't connect to MySQL server on 'db' (115)
[Mon Oct 17 19:11:47.521614 2022] [dbd:error] [pid 18] (20014)Internal error (specific information not available): AH00629: Can't connect to mysql: Can't connect to MySQL server on 'db' (115)
[Mon Oct 17 19:11:47.521650 2022] [dbd:error] [pid 20] (20014)Internal error (specific information not available): AH00629: Can't connect to mysql: Can't connect to MySQL server on 'db' (115)
[Mon Oct 17 19:11:47.521848 2022] [dbd:error] [pid 21] (20014)Internal error (specific information not available): AH00629: Can't connect to mysql: Can't connect to MySQL server on 'db' (115)
[Mon Oct 17 19:11:47.523384 2022] [dbd:error] [pid 21] (20014)Internal error (specific information not available): AH00633: failed to initialise
[Mon Oct 17 19:11:47.522168 2022] [dbd:error] [pid 19] (20014)Internal error (specific information not available): AH00633: failed to initialise
[Mon Oct 17 19:11:47.523929 2022] [dbd:crit] [pid 19] (20014)Internal error (specific information not available): AH00636: child init failed!
[Mon Oct 17 19:11:47.522536 2022] [dbd:error] [pid 17] (20014)Internal error (specific information not available): AH00633: failed to initialise
[Mon Oct 17 19:11:47.524540 2022] [dbd:crit] [pid 17] (20014)Internal error (specific information not available): AH00636: child init failed!
[Mon Oct 17 19:11:47.522821 2022] [dbd:error] [pid 18] (20014)Internal error (specific information not available): AH00633: failed to initialise
[Mon Oct 17 19:11:47.525051 2022] [dbd:crit] [pid 18] (20014)Internal error (specific information not available): AH00636: child init failed!
[Mon Oct 17 19:11:47.523132 2022] [dbd:error] [pid 20] (20014)Internal error (specific information not available): AH00633: failed to initialise
[Mon Oct 17 19:11:47.525553 2022] [dbd:crit] [pid 20] (20014)Internal error (specific information not available): AH00636: child init failed!
[Mon Oct 17 19:11:47.523602 2022] [dbd:crit] [pid 21] (20014)Internal error (specific information not available): AH00636: child init failed!
[Mon Oct 17 20:15:24.437661 2022] [mpm_prefork:notice] [pid 1] AH00170: caught SIGWINCH, shutting down gracefully
AH00558: apache2: Could not reliably determine the server's fully qualified domain name, using 172.18.0.3. Set the 'ServerName' directive globally to suppress this message
[Mon Oct 17 20:15:40.744335 2022] [dbd:error] [pid 16] (20014)Internal error (specific information not available): AH00629: Can't connect to mysql: Can't connect to MySQL server on 'db' (115)
[Mon Oct 17 20:15:40.744632 2022] [mpm_prefork:notice] [pid 1] AH00163: Apache/2.4.38 (Debian) PHP/7.2.34 configured -- resuming normal operations
[Mon Oct 17 20:15:40.744532 2022] [dbd:error] [pid 17] (20014)Internal error (specific information not available): AH00629: Can't connect to mysql: Can't connect to MySQL server on 'db' (115)
[Mon Oct 17 20:15:40.744672 2022] [dbd:error] [pid 16] (20014)Internal error (specific information not available): AH00633: failed to initialise
[Mon Oct 17 20:15:40.745202 2022] [dbd:crit] [pid 16] (20014)Internal error (specific information not available): AH00636: child init failed!
[Mon Oct 17 20:15:40.744877 2022] [core:notice] [pid 1] AH00094: Command line: 'apache2 -D FOREGROUND'
[Mon Oct 17 20:15:40.745032 2022] [dbd:error] [pid 17] (20014)Internal error (specific information not available): AH00633: failed to initialise
[Mon Oct 17 20:15:40.745712 2022] [dbd:crit] [pid 17] (20014)Internal error (specific information not available): AH00636: child init failed!
[Mon Oct 17 20:15:40.745127 2022] [dbd:error] [pid 18] (20014)Internal error (specific information not available): AH00629: Can't connect to mysql: Can't connect to MySQL server on 'db' (115)
[Mon Oct 17 20:15:40.745369 2022] [dbd:error] [pid 19] (20014)Internal error (specific information not available): AH00629: Can't connect to mysql: Can't connect to MySQL server on 'db' (115)
[Mon Oct 17 20:15:40.746461 2022] [dbd:error] [pid 19] (20014)Internal error (specific information not available): AH00633: failed to initialise
[Mon Oct 17 20:15:40.745745 2022] [dbd:error] [pid 20] (20014)Internal error (specific information not available): AH00629: Can't connect to mysql: Can't connect to MySQL server on 'db' (115)
[Mon Oct 17 20:15:40.746240 2022] [dbd:error] [pid 18] (20014)Internal error (specific information not available): AH00633: failed to initialise
[Mon Oct 17 20:15:40.747153 2022] [dbd:crit] [pid 18] (20014)Internal error (specific information not available): AH00636: child init failed!
[Mon Oct 17 20:15:40.746720 2022] [dbd:crit] [pid 19] (20014)Internal error (specific information not available): AH00636: child init failed!
[Mon Oct 17 20:15:40.746927 2022] [dbd:error] [pid 20] (20014)Internal error (specific information not available): AH00633: failed to initialise
[Mon Oct 17 20:15:40.747934 2022] [dbd:crit] [pid 20] (20014)Internal error (specific information not available): AH00636: child init failed!
